Determining if the __NEWLIB__ exist failed with the following output:
Change Dir: C:/Users/a5137749/Documents/Abteilungen/shared/scp-rcar4/SCP-firmware/CMakeFiles/CMakeTmp

Run Build Command(s):C:/Renesas/rcar-xos/v3.31.0/tools/toolchains/mingw64/bin/mingw32-make.exe -f Makefile cmTC_f15f8/fast && C:/Renesas/rcar-xos/v3.31.0/tools/toolchains/mingw64/bin/mingw32-make.exe  -f CMakeFiles\cmTC_f15f8.dir\build.make CMakeFiles/cmTC_f15f8.dir/build
mingw32-make.exe[1]: Entering directory 'C:/Users/a5137749/Documents/Abteilungen/shared/scp-rcar4/SCP-firmware/CMakeFiles/CMakeTmp'
Building C object CMakeFiles/cmTC_f15f8.dir/CheckSymbolExists.c.obj
C:\Renesas\rcar-xos\v3.31.0\tools\toolchains\mingw64\bin\gcc.exe   -std=gnu11 -o CMakeFiles\cmTC_f15f8.dir\CheckSymbolExists.c.obj -c C:\Users\a5137749\Documents\Abteilungen\shared\scp-rcar4\SCP-firmware\CMakeFiles\CMakeTmp\CheckSymbolExists.c
C:\Users\a5137749\Documents\Abteilungen\shared\scp-rcar4\SCP-firmware\CMakeFiles\CMakeTmp\CheckSymbolExists.c:2:10: fatal error: sys/features.h: No such file or directory
 #include <sys/features.h>
          ^~~~~~~~~~~~~~~~
compilation terminated.
mingw32-make.exe[1]: *** [CMakeFiles\cmTC_f15f8.dir\build.make:77: CMakeFiles/cmTC_f15f8.dir/CheckSymbolExists.c.obj] Error 1
mingw32-make.exe[1]: Leaving directory 'C:/Users/a5137749/Documents/Abteilungen/shared/scp-rcar4/SCP-firmware/CMakeFiles/CMakeTmp'
mingw32-make.exe: *** [Makefile:126: cmTC_f15f8/fast] Error 2


File C:/Users/a5137749/Documents/Abteilungen/shared/scp-rcar4/SCP-firmware/CMakeFiles/CMakeTmp/CheckSymbolExists.c:
/* */
#include <sys/features.h>

int main(int argc, char** argv)
{
  (void)argv;
#ifndef __NEWLIB__
  return ((int*)(&__NEWLIB__))[argc];
#else
  (void)argc;
  return 0;
#endif
}
